[LOG] System::create                           : Header version = 1.10.05. Current version = 1.10.05.
[LOG] Manager::init                            : maxchannels = 256 studioflags = 00000006 flags 00000000 extradriverdata 0000000000000000.
[LOG] SystemI::init                            : Initialize version=11005 (94661), maxchannels=256, flags=0x00020000
[LOG] SystemI::setOutputInternal               : Setting output to 'FMOD WASAPI Output'
[LOG] OutputWASAPI::init                       : Mix Format (WAVEFORMATEX): wFormatTag=0xFFFE, nChannels=2, nSamplesPerSec=44100, nAvgBytesPerSec=352800, nBlockAlign=8, wBitsPerSample=32, cbSize=22.
[LOG] OutputWASAPI::init                       : Mix Format (WAVEFORMATEXTENSIBLE): wValidBitsPerSample=32, dwChannelMask=0x00000003, SubFormat=00000003-0000-0010-8000-00AA00389B71.
[LOG] OutputWASAPI::init                       : Output buffer size: 3760 samples, latency: 0.00ms, period: 10.16ms, DSP buffer: 1024 * 4
[WRN] SystemI::init                            : Output requires a sample rate of 44100Hz, resampling will occur.
[LOG] Thread::initThread                       : Init FMOD stream thread. Priority: 2, Stack Size: 65536, Semaphore: No, Sleep Time: 10, Looping: Yes.
[LOG] Thread::initThread                       : Init FMOD mixer thread. Priority: 3, Stack Size: 49152, Semaphore: No, Sleep Time: 0, Looping: Yes.
[LOG] AsyncManager::init                       : manager 00000228FBDC6378 isAsync 0 updatePeriod 0.02
[LOG] AsyncManager::init                       : done
[LOG] PlaybackSystem::init                     : 
[LOG] Thread::initThread                       : Init FMOD Studio sample load thread. Priority: 0, Stack Size: 65536, Semaphore: No, Sleep Time: 1, Looping: No.
[LOG] PlaybackSystem::init                     : done
[LOG] Thread::initThread                       : Init FMOD Studio bank load thread. Priority: 0, Stack Size: 65536, Semaphore: No, Sleep Time: 1, Looping: No.
[LOG] Manager::init                            : done.
[LOG] Manager::readBank                        : fileversion = 103, compatVersion = 99 (oldest = 44, newest = 100)
[LOG] SystemI::createSoundInternal             : Create name='', mode=0x02000202
[LOG] SystemI::createSoundInternal             : exinfo->cbsize             = 232
[LOG] SystemI::createSoundInternal             : exinfo->length             = 1607520
[LOG] SystemI::createSoundInternal             : exinfo->fileoffset         = 57472
[LOG] SystemI::createSoundInternal             : exinfo->numsubsounds       = 1
[LOG] SystemI::createSoundInternal             : exinfo->inclusionlist      = 000000AC58A5F4CC
[LOG] SystemI::createSoundInternal             : exinfo->inclusionlistnum   = 1
[LOG] SystemI::createSoundInternal             : exinfo->suggestedsoundtype = 5
[LOG] SystemI::createSoundInternal             : exinfo->useropen           = 00007FFCD934E4B0
[LOG] SystemI::createSoundInternal             : exinfo->userclose          = 00007FFCD934E480
[LOG] SystemI::createSoundInternal             : exinfo->userread           = 00007FFCD934E580
[LOG] SystemI::createSoundInternal             : exinfo->userseek           = 00007FFCD934E640
[LOG] SystemI::createSoundInternal             : exinfo->fileuserdata       = 00000228F473FD58
[LOG] SystemI::createSoundInternal             : exinfo->initialseekpostype = 1
[LOG] SystemI::DSPCodecPoolRegister            : register codec pool for pool type 5
[LOG] SystemI::createSoundInternal             : Sample 0/1: name='jarpickup', format=2, channels=2, frequency=48000, lengthbytes=8096, lengthpcm=37499, pcmblocksize=0, loopstart=0, loopend=0, mode=0x00000000, channelmask=0x00000000, channelorder=0, peakvolume=0.999969.
[LOG] SystemI::createSoundInternal             : Create name='', mode=0x02000202
[LOG] SystemI::createSoundInternal             : exinfo->cbsize             = 232
[LOG] SystemI::createSoundInternal             : exinfo->length             = 1607520
[LOG] SystemI::createSoundInternal             : exinfo->fileoffset         = 57472
[LOG] SystemI::createSoundInternal             : exinfo->numsubsounds       = 1
[LOG] SystemI::createSoundInternal             : exinfo->inclusionlist      = 000000AC58A5F4CC
[LOG] SystemI::createSoundInternal             : exinfo->inclusionlistnum   = 1
[LOG] SystemI::createSoundInternal             : exinfo->suggestedsoundtype = 5
[LOG] SystemI::createSoundInternal             : exinfo->useropen           = 00007FFCD934E4B0
[LOG] SystemI::createSoundInternal             : exinfo->userclose          = 00007FFCD934E480
[LOG] SystemI::createSoundInternal             : exinfo->userread           = 00007FFCD934E580
[LOG] SystemI::createSoundInternal             : exinfo->userseek           = 00007FFCD934E640
[LOG] SystemI::createSoundInternal             : exinfo->fileuserdata       = 00000228F473FD58
[LOG] SystemI::createSoundInternal             : exinfo->initialseekpostype = 1
[LOG] SystemI::DSPCodecPoolRegister            : register codec pool for pool type 5
[LOG] SystemI::createSoundInternal             : Sample 0/1: name='shake1', format=2, channels=2, frequency=48000, lengthbytes=3360, lengthpcm=12106, pcmblocksize=0, loopstart=0, loopend=0, mode=0x00000000, channelmask=0x00000000, channelorder=0, peakvolume=0.072449.
[LOG] SystemI::createSoundInternal             : Create name='', mode=0x02000202
[LOG] SystemI::createSoundInternal             : exinfo->cbsize             = 232
[LOG] SystemI::createSoundInternal             : exinfo->length             = 1607520
[LOG] SystemI::createSoundInternal             : exinfo->fileoffset         = 57472
[LOG] SystemI::createSoundInternal             : exinfo->numsubsounds       = 1
[LOG] SystemI::createSoundInternal             : exinfo->inclusionlist      = 000000AC58A5F4CC
[LOG] SystemI::createSoundInternal             : exinfo->inclusionlistnum   = 1
[LOG] SystemI::createSoundInternal             : exinfo->suggestedsoundtype = 5
[LOG] SystemI::createSoundInternal             : exinfo->useropen           = 00007FFCD934E4B0
[LOG] SystemI::createSoundInternal             : exinfo->userclose          = 00007FFCD934E480
[LOG] SystemI::createSoundInternal             : exinfo->userread           = 00007FFCD934E580
[LOG] SystemI::createSoundInternal             : exinfo->userseek           = 00007FFCD934E640
[LOG] SystemI::createSoundInternal             : exinfo->fileuserdata       = 00000228F473FD58
[LOG] SystemI::createSoundInternal             : exinfo->initialseekpostype = 1
[LOG] SystemI::DSPCodecPoolRegister            : register codec pool for pool type 5
[LOG] SystemI::createSoundInternal             : Sample 0/1: name='shake3', format=2, channels=2, frequency=48000, lengthbytes=3040, lengthpcm=11831, pcmblocksize=0, loopstart=0, loopend=0, mode=0x00000000, channelmask=0x00000000, channelorder=0, peakvolume=0.072998.
[LOG] SystemI::createSoundInternal             : Create name='', mode=0x02000202
[LOG] SystemI::createSoundInternal             : exinfo->cbsize             = 232
[LOG] SystemI::createSoundInternal             : exinfo->length             = 1607520
[LOG] SystemI::createSoundInternal             : exinfo->fileoffset         = 57472
[LOG] SystemI::createSoundInternal             : exinfo->numsubsounds       = 1
[LOG] SystemI::createSoundInternal             : exinfo->inclusionlist      = 000000AC58A5F4CC
[LOG] SystemI::createSoundInternal             : exinfo->inclusionlistnum   = 1
[LOG] SystemI::createSoundInternal             : exinfo->suggestedsoundtype = 5
[LOG] SystemI::createSoundInternal             : exinfo->useropen           = 00007FFCD934E4B0
[LOG] SystemI::createSoundInternal             : exinfo->userclose          = 00007FFCD934E480
[LOG] SystemI::createSoundInternal             : exinfo->userread           = 00007FFCD934E580
[LOG] SystemI::createSoundInternal             : exinfo->userseek           = 00007FFCD934E640
[LOG] SystemI::createSoundInternal             : exinfo->fileuserdata       = 00000228F473FD58
[LOG] SystemI::createSoundInternal             : exinfo->initialseekpostype = 1
[LOG] SystemI::DSPCodecPoolRegister            : register codec pool for pool type 5
[LOG] SystemI::createSoundInternal             : Sample 0/1: name='shake2', format=2, channels=2, frequency=48000, lengthbytes=3168, lengthpcm=12043, pcmblocksize=0, loopstart=0, loopend=0, mode=0x00000000, channelmask=0x00000000, channelorder=0, peakvolume=0.103333.
[LOG] SystemI::createSoundInternal             : Create name='', mode=0x02000202
[LOG] SystemI::createSoundInternal             : exinfo->cbsize             = 232
[LOG] SystemI::createSoundInternal             : exinfo->length             = 1607520
[LOG] SystemI::createSoundInternal             : exinfo->fileoffset         = 57472
[LOG] SystemI::createSoundInternal             : exinfo->numsubsounds       = 1
[LOG] SystemI::createSoundInternal             : exinfo->inclusionlist      = 000000AC58A5F4CC
[LOG] SystemI::createSoundInternal             : exinfo->inclusionlistnum   = 1
[LOG] SystemI::createSoundInternal             : exinfo->suggestedsoundtype = 5
[LOG] SystemI::createSoundInternal             : exinfo->useropen           = 00007FFCD934E4B0
[LOG] SystemI::createSoundInternal             : exinfo->userclose          = 00007FFCD934E480
[LOG] SystemI::createSoundInternal             : exinfo->userread           = 00007FFCD934E580
[LOG] SystemI::createSoundInternal             : exinfo->userseek           = 00007FFCD934E640
[LOG] SystemI::createSoundInternal             : exinfo->fileuserdata       = 00000228F4744598
[LOG] SystemI::createSoundInternal             : exinfo->initialseekpostype = 1
[LOG] SystemI::DSPCodecPoolRegister            : register codec pool for pool type 5
[LOG] SystemI::createSoundInternal             : Sample 0/1: name='Tpickingup', format=2, channels=2, frequency=48000, lengthbytes=110336, lengthpcm=432759, pcmblocksize=0, loopstart=0, loopend=0, mode=0x00000000, channelmask=0x00000000, channelorder=0, peakvolume=0.137207.
[LOG] SystemI::createSoundInternal             : Create name='', mode=0x02000202
[LOG] SystemI::createSoundInternal             : exinfo->cbsize             = 232
[LOG] SystemI::createSoundInternal             : exinfo->length             = 1607520
[LOG] SystemI::createSoundInternal             : exinfo->fileoffset         = 57472
[LOG] SystemI::createSoundInternal             : exinfo->numsubsounds       = 1
[LOG] SystemI::createSoundInternal             : exinfo->inclusionlist      = 000000AC58A5F4CC
[LOG] SystemI::createSoundInternal             : exinfo->inclusionlistnum   = 1
[LOG] SystemI::createSoundInternal             : exinfo->suggestedsoundtype = 5
[LOG] SystemI::createSoundInternal             : exinfo->useropen           = 00007FFCD934E4B0
[LOG] SystemI::createSoundInternal             : exinfo->userclose          = 00007FFCD934E480
[LOG] SystemI::createSoundInternal             : exinfo->userread           = 00007FFCD934E580
[LOG] SystemI::createSoundInternal             : exinfo->userseek           = 00007FFCD934E640
[LOG] SystemI::createSoundInternal             : exinfo->fileuserdata       = 00000228F47416D8
[LOG] SystemI::createSoundInternal             : exinfo->initialseekpostype = 1
[LOG] SystemI::DSPCodecPoolRegister            : register codec pool for pool type 5
[LOG] SystemI::createSoundInternal             : Sample 0/1: name='Sandspill', format=2, channels=2, frequency=48000, lengthbytes=76064, lengthpcm=297746, pcmblocksize=0, loopstart=0, loopend=0, mode=0x00000000, channelmask=0x00000000, channelorder=0, peakvolume=0.455750.
[LOG] SystemI::createSoundInternal             : Create name='', mode=0x02000202
[LOG] SystemI::createSoundInternal             : exinfo->cbsize             = 232
[LOG] SystemI::createSoundInternal             : exinfo->length             = 1607520
[LOG] SystemI::createSoundInternal             : exinfo->fileoffset         = 57472
[LOG] SystemI::createSoundInternal             : exinfo->numsubsounds       = 1
[LOG] SystemI::createSoundInternal             : exinfo->inclusionlist      = 000000AC58A5F4CC
[LOG] SystemI::createSoundInternal             : exinfo->inclusionlistnum   = 1
[LOG] SystemI::createSoundInternal             : exinfo->suggestedsoundtype = 5
[LOG] SystemI::createSoundInternal             : exinfo->useropen           = 00007FFCD934E4B0
[LOG] SystemI::createSoundInternal             : exinfo->userclose          = 00007FFCD934E480
[LOG] SystemI::createSoundInternal             : exinfo->userread           = 00007FFCD934E580
[LOG] SystemI::createSoundInternal             : exinfo->userseek           = 00007FFCD934E640
[LOG] SystemI::createSoundInternal             : exinfo->fileuserdata       = 00000228F4743AF8
[LOG] SystemI::createSoundInternal             : exinfo->initialseekpostype = 1
[LOG] SystemI::DSPCodecPoolRegister            : register codec pool for pool type 5
[LOG] SystemI::createSoundInternal             : Sample 0/1: name='bottlefall1', format=2, channels=2, frequency=48000, lengthbytes=7328, lengthpcm=25268, pcmblocksize=0, loopstart=0, loopend=0, mode=0x00000000, channelmask=0x00000000, channelorder=0, peakvolume=0.490631.
[LOG] SystemI::createSoundInternal             : Create name='', mode=0x02000202
[LOG] SystemI::createSoundInternal             : exinfo->cbsize             = 232
[LOG] SystemI::createSoundInternal             : exinfo->length             = 1607520
[LOG] SystemI::createSoundInternal             : exinfo->fileoffset         = 57472
[LOG] SystemI::createSoundInternal             : exinfo->numsubsounds       = 1
[LOG] SystemI::createSoundInternal             : exinfo->inclusionlist      = 000000AC58A5F4CC
[LOG] SystemI::createSoundInternal             : exinfo->inclusionlistnum   = 1
[LOG] SystemI::createSoundInternal             : exinfo->suggestedsoundtype = 5
[LOG] SystemI::createSoundInternal             : exinfo->useropen           = 00007FFCD934E4B0
[LOG] SystemI::createSoundInternal             : exinfo->userclose          = 00007FFCD934E480
[LOG] SystemI::createSoundInternal             : exinfo->userread           = 00007FFCD934E580
[LOG] SystemI::createSoundInternal             : exinfo->userseek           = 00007FFCD934E640
[LOG] SystemI::createSoundInternal             : exinfo->fileuserdata       = 00000228F4743AF8
[LOG] SystemI::createSoundInternal             : exinfo->initialseekpostype = 1
[LOG] SystemI::DSPCodecPoolRegister            : register codec pool for pool type 5
[LOG] SystemI::createSoundInternal             : Sample 0/1: name='bottlefall', format=2, channels=2, frequency=48000, lengthbytes=7488, lengthpcm=25497, pcmblocksize=0, loopstart=0, loopend=0, mode=0x00000000, channelmask=0x00000000, channelorder=0, peakvolume=0.485870.
[LOG] SystemI::createSoundInternal             : Create name='', mode=0x02000202
[LOG] SystemI::createSoundInternal             : exinfo->cbsize             = 232
[LOG] SystemI::createSoundInternal             : exinfo->length             = 1607520
[LOG] SystemI::createSoundInternal             : exinfo->fileoffset         = 57472
[LOG] SystemI::createSoundInternal             : exinfo->numsubsounds       = 1
[LOG] SystemI::createSoundInternal             : exinfo->inclusionlist      = 000000AC58A5F4CC
[LOG] SystemI::createSoundInternal             : exinfo->inclusionlistnum   = 1
[LOG] SystemI::createSoundInternal             : exinfo->suggestedsoundtype = 5
[LOG] SystemI::createSoundInternal             : exinfo->useropen           = 00007FFCD934E4B0
[LOG] SystemI::createSoundInternal             : exinfo->userclose          = 00007FFCD934E480
[LOG] SystemI::createSoundInternal             : exinfo->userread           = 00007FFCD934E580
[LOG] SystemI::createSoundInternal             : exinfo->userseek           = 00007FFCD934E640
[LOG] SystemI::createSoundInternal             : exinfo->fileuserdata       = 00000228F4743AF8
[LOG] SystemI::createSoundInternal             : exinfo->initialseekpostype = 1
[LOG] SystemI::DSPCodecPoolRegister            : register codec pool for pool type 5
[LOG] SystemI::createSoundInternal             : Sample 0/1: name='bottlefall3', format=2, channels=2, frequency=48000, lengthbytes=6048, lengthpcm=21842, pcmblocksize=0, loopstart=0, loopend=0, mode=0x00000000, channelmask=0x00000000, channelorder=0, peakvolume=0.689850.
[LOG] SystemI::createSoundInternal             : Create name='', mode=0x02000202
[LOG] SystemI::createSoundInternal             : exinfo->cbsize             = 232
[LOG] SystemI::createSoundInternal             : exinfo->length             = 1607520
[LOG] SystemI::createSoundInternal             : exinfo->fileoffset         = 57472
[LOG] SystemI::createSoundInternal             : exinfo->numsubsounds       = 1
[LOG] SystemI::createSoundInternal             : exinfo->inclusionlist      = 000000AC58A5F4CC
[LOG] SystemI::createSoundInternal             : exinfo->inclusionlistnum   = 1
[LOG] SystemI::createSoundInternal             : exinfo->suggestedsoundtype = 5
[LOG] SystemI::createSoundInternal             : exinfo->useropen           = 00007FFCD934E4B0
[LOG] SystemI::createSoundInternal             : exinfo->userclose          = 00007FFCD934E480
[LOG] SystemI::createSoundInternal             : exinfo->userread           = 00007FFCD934E580
[LOG] SystemI::createSoundInternal             : exinfo->userseek           = 00007FFCD934E640
[LOG] SystemI::createSoundInternal             : exinfo->fileuserdata       = 00000228F4743AF8
[LOG] SystemI::createSoundInternal             : exinfo->initialseekpostype = 1
[LOG] SystemI::DSPCodecPoolRegister            : register codec pool for pool type 5
[LOG] SystemI::createSoundInternal             : Sample 0/1: name='bottlefall2', format=2, channels=2, frequency=48000, lengthbytes=8224, lengthpcm=26411, pcmblocksize=0, loopstart=0, loopend=0, mode=0x00000000, channelmask=0x00000000, channelorder=0, peakvolume=0.375671.
[LOG] SystemI::createSoundInternal             : Create name='', mode=0x02000202
[LOG] SystemI::createSoundInternal             : exinfo->cbsize             = 232
[LOG] SystemI::createSoundInternal             : exinfo->length             = 1607520
[LOG] SystemI::createSoundInternal             : exinfo->fileoffset         = 57472
[LOG] SystemI::createSoundInternal             : exinfo->numsubsounds       = 1
[LOG] SystemI::createSoundInternal             : exinfo->inclusionlist      = 000000AC58A5F4CC
[LOG] SystemI::createSoundInternal             : exinfo->inclusionlistnum   = 1
[LOG] SystemI::createSoundInternal             : exinfo->suggestedsoundtype = 5
[LOG] SystemI::createSoundInternal             : exinfo->useropen           = 00007FFCD934E4B0
[LOG] SystemI::createSoundInternal             : exinfo->userclose          = 00007FFCD934E480
[LOG] SystemI::createSoundInternal             : exinfo->userread           = 00007FFCD934E580
[LOG] SystemI::createSoundInternal             : exinfo->userseek           = 00007FFCD934E640
[LOG] SystemI::createSoundInternal             : exinfo->fileuserdata       = 00000228F4749218
[LOG] SystemI::createSoundInternal             : exinfo->initialseekpostype = 1
[LOG] SystemI::DSPCodecPoolRegister            : register codec pool for pool type 5
[LOG] SystemI::createSoundInternal             : Sample 0/1: name='jarfall2', format=2, channels=2, frequency=48000, lengthbytes=5248, lengthpcm=17087, pcmblocksize=0, loopstart=0, loopend=0, mode=0x00000000, channelmask=0x00000000, channelorder=0, peakvolume=0.506744.
[ERR] assert                                   : assertion: 'level >= 0.0f' failed
[LOG] Manager::readBank                        : fileversion = 103, compatVersion = 99 (oldest = 44, newest = 100)
[LOG] SoundI::release                          :  (00000228F1022BC8)
[LOG] SoundI::release                          :     Sandspill (00000228FBB1FC08)
[LOG] SoundI::release                          :  (00000228B0860B88)
[LOG] SoundI::release                          :     Tstart (00000228F10859F8)
[LOG] SoundI::release                          :  (00000228B08605C8)
[LOG] SoundI::release                          :     sparkle2 (00000228F07C4638)
[LOG] Manager::readBank                        : fileversion = 103, compatVersion = 99 (oldest = 44, newest = 100)
[LOG] SystemI::createSound                     : filename = Assets\Sounds\FmodPojectExposure1\Build\Desktop/Master Bank.bank : mode 02010082
[LOG] SystemI::createSound                     : FMOD_NONBLOCKING specified.  Putting into queue to be opened asynchronously!
[LOG] Thread::initThread                       : Init FMOD nonblocking thread (0). Priority: 1, Stack Size: 81920, Semaphore: Yes, Sleep Time: 0, Looping: Yes.
[LOG] SystemI::createSound                     : setdata soundi = 00000228FB692938 : node = 00000228B4848E00
[LOG] SystemI::createSound                     : add node to async list : head = 00000228FBB1FD58.  list count = 0
[LOG] AsyncThread::threadFunc                  : Starting Asynchronous operation on sound 00000228FB692938
[LOG] SystemI::createSoundInternal             :     Create name='Assets\Sounds\FmodPojectExposure1\Build\Desktop/Master Bank.bank', mode=0x02010082
[LOG] SystemI::createSoundInternal             :     exinfo->cbsize             = 232
[LOG] SystemI::createSoundInternal             :     exinfo->length             = 1607520
[LOG] SystemI::createSoundInternal             :     exinfo->fileoffset         = 57472
[LOG] SystemI::createSoundInternal             :     exinfo->numsubsounds       = 1
[LOG] SystemI::createSoundInternal             :     exinfo->inclusionlist      = 00000228B4848F18
[LOG] SystemI::createSoundInternal             :     exinfo->inclusionlistnum   = 1
[LOG] SystemI::createSoundInternal             :     exinfo->suggestedsoundtype = 5
[LOG] SystemI::createSoundInternal             :     exinfo->initialseekpostype = 1
[LOG] SystemI::createSoundInternal             :     Stream 0/1: name='cupula1', format=2, channels=2, frequency=48000, lengthbytes=185824, lengthpcm=702054, pcmblocksize=0, loopstart=0, loopend=0, mode=0x00000000, channelmask=0x00000000, channelorder=0, peakvolume=0.968628.
[LOG] Thread::initThread                       :     Init FMOD file thread. Priority: 1, Stack Size: 16384, Semaphore: No, Sleep Time: 10, Looping: Yes.
[LOG] AsyncThread::threadFunc                  : Finished Asynchronous operation on sound 00000228FB692938
[LOG] SoundI::getSubSound                      : sound 00000228FB692938.  Subsound index 0 / 1
[LOG] SystemI::createSoundInternal             : Create name='', mode=0x02000202
[LOG] SystemI::createSoundInternal             : exinfo->cbsize             = 232
[LOG] SystemI::createSoundInternal             : exinfo->length             = 1607520
[LOG] SystemI::createSoundInternal             : exinfo->fileoffset         = 57472
[LOG] SystemI::createSoundInternal             : exinfo->numsubsounds       = 1
[LOG] SystemI::createSoundInternal             : exinfo->inclusionlist      = 000000AC58A5F4CC
[LOG] SystemI::createSoundInternal             : exinfo->inclusionlistnum   = 1
[LOG] SystemI::createSoundInternal             : exinfo->suggestedsoundtype = 5
[LOG] SystemI::createSoundInternal             : exinfo->useropen           = 00007FFCD934E4B0
[LOG] SystemI::createSoundInternal             : exinfo->userclose          = 00007FFCD934E480
[LOG] SystemI::createSoundInternal             : exinfo->userread           = 00007FFCD934E580
[LOG] SystemI::createSoundInternal             : exinfo->userseek           = 00007FFCD934E640
[LOG] SystemI::createSoundInternal             : exinfo->fileuserdata       = 00000228F4748DD8
[LOG] SystemI::createSoundInternal             : exinfo->initialseekpostype = 1
[LOG] SystemI::DSPCodecPoolRegister            : register codec pool for pool type 5
[LOG] SystemI::createSoundInternal             : Sample 0/1: name='MonitorSwitch', format=2, channels=2, frequency=48000, lengthbytes=22752, lengthpcm=94176, pcmblocksize=0, loopstart=0, loopend=0, mode=0x00000000, channelmask=0x00000000, channelorder=0, peakvolume=0.388885.
[LOG] Manager::readBank                        : fileversion = 103, compatVersion = 99 (oldest = 44, newest = 100)
[LOG] Manager::readBank                        : fileversion = 103, compatVersion = 99 (oldest = 44, newest = 100)
[LOG] Manager::readBank                        : fileversion = 103, compatVersion = 99 (oldest = 44, newest = 100)
[LOG] SoundI::release                          : cupula1 (00000228FB692938)
[LOG] SoundI::release                          :     cupula1 (00000228FBB21608)
[LOG] SoundI::release                          :     cupula1 (00000228FB691348)
[LOG] Manager::readBank                        : fileversion = 103, compatVersion = 99 (oldest = 44, newest = 100)
[LOG] Manager::readBank                        : fileversion = 103, compatVersion = 99 (oldest = 44, newest = 100)
[LOG] Manager::readBank                        : fileversion = 103, compatVersion = 99 (oldest = 44, newest = 100)
[LOG] Manager::readBank                        : fileversion = 103, compatVersion = 99 (oldest = 44, newest = 100)
[LOG] Manager::readBank                        : fileversion = 103, compatVersion = 99 (oldest = 44, newest = 100)
[LOG] Manager::readBank                        : fileversion = 103, compatVersion = 99 (oldest = 44, newest = 100)
[LOG] PlaybackSystem::acquireMasterBus         : Setting master channel group format to 6
[LOG] SoundI::release                          :  (00000228B08608A8)
[LOG] SoundI::release                          :     sparkle1 (00000228F07C4CB8)
[LOG] SoundI::release                          :  (00000228B0860458)
[LOG] SoundI::release                          :     spotlight (00000228F07C32B8)
[LOG] SoundI::release                          :  (0000022882F513B8)
[LOG] SoundI::release                          :     Tpickingup (00000228FBB23008)
[LOG] SoundI::release                          :  (000002292B4BD778)
[LOG] SoundI::release                          :     bottlefall (00000228FBB1C9A8)
[LOG] SoundI::release                          :  (000002292B4BD8E8)
[LOG] SoundI::release                          :     bottlefall1 (00000228FBB1E208)
[LOG] SoundI::release                          :  (000002292B4BDA58)
[LOG] SoundI::release                          :     bottlefall2 (00000228FBB1EF08)
[LOG] SoundI::release                          :  (000002292B4BD608)
[LOG] SoundI::release                          :     bottlefall3 (00000228FBB20908)
[LOG] SoundI::release                          :  (000002292B4BDD38)
[LOG] SoundI::release                          :     jarfall2 (00000228FBB1C328)
[LOG] SoundI::release                          :  (00000228F1022BC8)
[LOG] SoundI::release                          :     MonitorSwitch (00000228FBB212C8)
[LOG] SoundI::release                          :  (00000228B0860A18)
[LOG] SoundI::release                          :     leverrelease1 (00000228F10856B8)
[LOG] SoundI::release                          :  (0000022882DDD5F8)
[LOG] SoundI::release                          :     jarpickup (00000228FBB224A8)
[LOG] SoundI::release                          :  (0000022882DDDA48)
[LOG] SoundI::release                          :     shake1 (00000228FBB227E8)
[LOG] SoundI::release                          :  (0000022882DDDBB8)
[LOG] SoundI::release                          :     shake2 (00000228FBB23348)
[LOG] SoundI::release                          :  (0000022882DDD768)
[LOG] SoundI::release                          :     shake3 (00000228FBB22988)
[LOG] Thread::callback                         : FMOD Studio update thread finished.
[LOG] Thread::callback                         : FMOD Studio bank load thread finished.
[LOG] Profile::disconnectAll                   : Profiler disconnecting all clients
[LOG] Thread::callback                         : FMOD Studio sample load thread finished.
[LOG] LiveUpdate::release                      : 
[LOG] LiveUpdate::reset                        : Reset connection (reason Disconnected)
[LOG] Thread::callback                         : FMOD stream thread finished.
[LOG] Thread::callback                         : FMOD mixer thread finished.
[LOG] Profile::disconnectAll                   : Profiler disconnecting all clients
[LOG] SystemI::close                           : Closed.
[LOG] Thread::callback                         : FMOD Studio bank load thread finished.
[LOG] Thread::callback                         : FMOD Studio sample load thread finished.
[LOG] LiveUpdate::release                      : 
[LOG] LiveUpdate::reset                        : Reset connection (reason Disconnected)
[LOG] Thread::callback                         : FMOD stream thread finished.
[LOG] Thread::callback                         : FMOD mixer thread finished.
[LOG] Thread::callback                         : FMOD nonblocking thread (0) finished.
[LOG] Thread::callback                         : FMOD file thread finished.
[LOG] SystemI::close                           : Closed.
